<?xml version="1.0" encoding="UTF-8"?>
<coverage generated="1614811413540" clover="3.2.0">
  <project timestamp="1614811413540" name="All files">
    <metrics statements="87" coveredstatements="86" conditionals="22" coveredconditionals="21" methods="57" coveredmethods="56" elements="166" coveredelements="163" complexity="0" loc="87" ncloc="87" packages="5" files="12" classes="12"/>
    <package name="src">
      <metrics statements="2" coveredstatements="2" conditionals="0" coveredconditionals="0" methods="0" coveredmethods="0"/>
      <file name="App.vue" path="/Users/udaykvss/Documents/projects/tvshows-catalog/src/App.vue">
        <metrics statements="2" coveredstatements="2" conditionals="0" coveredconditionals="0" methods="0" coveredmethods="0"/>
        <line num="19" count="1" type="stmt"/>
        <line num="20" count="1" type="stmt"/>
      </file>
    </package>
    <package name="src.components">
      <metrics statements="15" coveredstatements="15" conditionals="10" coveredconditionals="10" methods="12" coveredmethods="12"/>
      <file name="ListContainer.vue" path="/Users/udaykvss/Documents/projects/tvshows-catalog/src/components/ListContainer.vue">
        <metrics statements="3" coveredstatements="3" conditionals="2" coveredconditionals="2" methods="3" coveredmethods="3"/>
        <line num="17" count="2" type="stmt"/>
        <line num="28" count="145" type="cond" truecount="2" falsecount="0"/>
        <line num="35" count="5" type="stmt"/>
      </file>
      <file name="PageHeader.vue" path="/Users/udaykvss/Documents/projects/tvshows-catalog/src/components/PageHeader.vue">
        <metrics statements="2" coveredstatements="2" conditionals="0" coveredconditionals="0" methods="2" coveredmethods="2"/>
        <line num="25" count="5" type="stmt"/>
        <line num="31" count="1" type="stmt"/>
      </file>
      <file name="SearchShows.vue" path="/Users/udaykvss/Documents/projects/tvshows-catalog/src/components/SearchShows.vue">
        <metrics statements="8" coveredstatements="8" conditionals="6" coveredconditionals="6" methods="5" coveredmethods="5"/>
        <line num="28" count="10" type="stmt"/>
        <line num="34" count="10" type="stmt"/>
        <line num="39" count="3" type="cond" truecount="2" falsecount="0"/>
        <line num="44" count="4" type="cond" truecount="4" falsecount="0"/>
        <line num="45" count="1" type="stmt"/>
        <line num="47" count="3" type="stmt"/>
        <line num="51" count="2" type="stmt"/>
        <line num="52" count="2" type="stmt"/>
      </file>
      <file name="ShowPreview.vue" path="/Users/udaykvss/Documents/projects/tvshows-catalog/src/components/ShowPreview.vue">
        <metrics statements="1" coveredstatements="1" conditionals="0" coveredconditionals="0" methods="1" coveredmethods="1"/>
        <line num="47" count="1" type="stmt"/>
      </file>
      <file name="ShowsList.vue" path="/Users/udaykvss/Documents/projects/tvshows-catalog/src/components/ShowsList.vue">
        <metrics statements="1" coveredstatements="1" conditionals="2" coveredconditionals="2" methods="1" coveredmethods="1"/>
        <line num="42" count="5" type="stmt"/>
      </file>
    </package>
    <package name="src.services">
      <metrics statements="11" coveredstatements="11" conditionals="0" coveredconditionals="0" methods="6" coveredmethods="6"/>
      <file name="api.js" path="/Users/udaykvss/Documents/projects/tvshows-catalog/src/services/api.js">
        <metrics statements="6" coveredstatements="6" conditionals="0" coveredconditionals="0" methods="2" coveredmethods="2"/>
        <line num="4" count="3" type="stmt"/>
        <line num="10" count="3" type="stmt"/>
        <line num="26" count="3" type="stmt"/>
        <line num="29" count="3" type="stmt"/>
        <line num="30" count="1" type="stmt"/>
        <line num="31" count="1" type="stmt"/>
      </file>
      <file name="service.js" path="/Users/udaykvss/Documents/projects/tvshows-catalog/src/services/service.js">
        <metrics statements="5" coveredstatements="5" conditionals="0" coveredconditionals="0" methods="4" coveredmethods="4"/>
        <line num="3" count="2" type="stmt"/>
        <line num="6" count="2" type="stmt"/>
        <line num="9" count="2" type="stmt"/>
        <line num="12" count="2" type="stmt"/>
        <line num="15" count="2" type="stmt"/>
      </file>
    </package>
    <package name="src.store">
      <metrics statements="36" coveredstatements="35" conditionals="2" coveredconditionals="2" methods="24" coveredmethods="23"/>
      <file name="index.js" path="/Users/udaykvss/Documents/projects/tvshows-catalog/src/store/index.js">
        <metrics statements="36" coveredstatements="35" conditionals="2" coveredconditionals="2" methods="24" coveredmethods="23"/>
        <line num="11" count="1" type="stmt"/>
        <line num="13" count="1" type="stmt"/>
        <line num="21" count="1" type="stmt"/>
        <line num="22" count="3" type="stmt"/>
        <line num="23" count="21" type="cond" truecount="2" falsecount="0"/>
        <line num="26" count="1" type="stmt"/>
        <line num="27" count="7" type="stmt"/>
        <line num="28" count="33" type="stmt"/>
        <line num="29" count="84" type="stmt"/>
        <line num="32" count="1" type="stmt"/>
        <line num="34" count="3" type="stmt"/>
        <line num="35" count="2" type="stmt"/>
        <line num="36" count="2" type="stmt"/>
        <line num="39" count="1" type="stmt"/>
        <line num="43" count="1" type="stmt"/>
        <line num="47" count="2" type="stmt"/>
        <line num="48" count="1" type="stmt"/>
        <line num="51" count="1" type="stmt"/>
        <line num="55" count="1" type="stmt"/>
        <line num="59" count="2" type="stmt"/>
        <line num="60" count="1" type="stmt"/>
        <line num="63" count="1" type="stmt"/>
        <line num="67" count="1" type="stmt"/>
        <line num="71" count="3" type="stmt"/>
        <line num="72" count="6" type="stmt"/>
        <line num="73" count="2" type="stmt"/>
        <line num="74" count="2" type="stmt"/>
        <line num="77" count="1" type="stmt"/>
        <line num="81" count="1" type="stmt"/>
        <line num="85" count="0" type="stmt"/>
        <line num="89" count="1" type="stmt"/>
        <line num="91" count="1" type="stmt"/>
        <line num="94" count="1" type="stmt"/>
        <line num="97" count="1" type="stmt"/>
        <line num="100" count="1" type="stmt"/>
        <line num="103" count="1" type="stmt"/>
      </file>
    </package>
    <package name="src.views">
      <metrics statements="23" coveredstatements="23" conditionals="10" coveredconditionals="9" methods="15" coveredmethods="15"/>
      <file name="Page404.vue" path="/Users/udaykvss/Documents/projects/tvshows-catalog/src/views/Page404.vue">
        <metrics statements="1" coveredstatements="1" conditionals="0" coveredconditionals="0" methods="1" coveredmethods="1"/>
        <line num="17" count="2" type="stmt"/>
      </file>
      <file name="ShowDetails.vue" path="/Users/udaykvss/Documents/projects/tvshows-catalog/src/views/ShowDetails.vue">
        <metrics statements="17" coveredstatements="17" conditionals="10" coveredconditionals="9" methods="11" coveredmethods="11"/>
        <line num="55" count="12" type="stmt"/>
        <line num="61" count="12" type="stmt"/>
        <line num="64" count="12" type="stmt"/>
        <line num="67" count="12" type="cond" truecount="2" falsecount="0"/>
        <line num="68" count="31" type="stmt"/>
        <line num="71" count="11" type="cond" truecount="2" falsecount="0"/>
        <line num="73" count="1" type="stmt"/>
        <line num="76" count="12" type="cond" truecount="2" falsecount="0"/>
        <line num="77" count="31" type="stmt"/>
        <line num="80" count="11" type="cond" truecount="2" falsecount="0"/>
        <line num="82" count="1" type="stmt"/>
        <line num="87" count="12" type="stmt"/>
        <line num="88" count="12" type="stmt"/>
        <line num="91" count="1" type="stmt"/>
        <line num="95" count="12" type="cond" truecount="1" falsecount="1"/>
        <line num="96" count="12" type="stmt"/>
        <line num="100" count="12" type="stmt"/>
      </file>
      <file name="ShowsCatalog.vue" path="/Users/udaykvss/Documents/projects/tvshows-catalog/src/views/ShowsCatalog.vue">
        <metrics statements="5" coveredstatements="5" conditionals="0" coveredconditionals="0" methods="3" coveredmethods="3"/>
        <line num="18" count="1" type="stmt"/>
        <line num="19" count="1" type="stmt"/>
        <line num="29" count="6" type="stmt"/>
        <line num="33" count="5" type="stmt"/>
        <line num="37" count="5" type="stmt"/>
      </file>
    </package>
  </project>
</coverage>
