{"/Users/udaykvss/Documents/projects/tvshows-catalog/src/App.vue": {"path":"/Users/udaykvss/Documents/projects/tvshows-catalog/src/App.vue","statementMap":{"0":{"start":{"line":19,"column":0},"end":{"line":19,"column":null}},"1":{"start":{"line":20,"column":0},"end":{"line":20,"column":null}}},"fnMap":{},"branchMap":{},"s":{"0":1,"1":1},"f":{},"b":{}}
,"/Users/udaykvss/Documents/projects/tvshows-catalog/src/components/ListContainer.vue": {"path":"/Users/udaykvss/Documents/projects/tvshows-catalog/src/components/ListContainer.vue","statementMap":{"0":{"start":{"line":17,"column":0},"end":{"line":17,"column":null}},"1":{"start":{"line":28,"column":0},"end":{"line":28,"column":null}},"2":{"start":{"line":35,"column":0},"end":{"line":35,"column":null}}},"fnMap":{"0":{"name":"(anonymous_1)","decl":{"start":{"line":27,"column":0},"end":{"line":27,"column":null}},"loc":{"start":{"line":27,"column":0},"end":{"line":31,"column":null}}},"1":{"name":"(anonymous_2)","decl":{"start":{"line":28,"column":0},"end":{"line":28,"column":null}},"loc":{"start":{"line":28,"column":0},"end":{"line":28,"column":null}}},"2":{"name":"(anonymous_4)","decl":{"start":{"line":34,"column":0},"end":{"line":34,"column":null}},"loc":{"start":{"line":34,"column":0},"end":{"line":36,"column":null}}}},"branchMap":{"0":{"loc":{"start":{"line":28,"column":0},"end":{"line":28,"column":null}},"type":"binary-expr","locations":[{"start":{"line":28,"column":0},"end":{"line":28,"column":null}},{"start":{"line":28,"column":0},"end":{"line":28,"column":null}}]}},"s":{"0":2,"1":145,"2":5},"f":{"0":6,"1":139,"2":5},"b":{"0":[36,36]}}
,"/Users/udaykvss/Documents/projects/tvshows-catalog/src/components/PageHeader.vue": {"path":"/Users/udaykvss/Documents/projects/tvshows-catalog/src/components/PageHeader.vue","statementMap":{"0":{"start":{"line":25,"column":0},"end":{"line":25,"column":null}},"1":{"start":{"line":31,"column":0},"end":{"line":31,"column":null}}},"fnMap":{"0":{"name":"(anonymous_1)","decl":{"start":{"line":24,"column":0},"end":{"line":24,"column":null}},"loc":{"start":{"line":24,"column":0},"end":{"line":28,"column":null}}},"1":{"name":"(anonymous_2)","decl":{"start":{"line":30,"column":0},"end":{"line":30,"column":null}},"loc":{"start":{"line":30,"column":0},"end":{"line":32,"column":null}}}},"branchMap":{},"s":{"0":5,"1":1},"f":{"0":5,"1":1},"b":{}}
,"/Users/udaykvss/Documents/projects/tvshows-catalog/src/components/SearchShows.vue": {"path":"/Users/udaykvss/Documents/projects/tvshows-catalog/src/components/SearchShows.vue","statementMap":{"0":{"start":{"line":28,"column":0},"end":{"line":28,"column":null}},"1":{"start":{"line":34,"column":0},"end":{"line":34,"column":null}},"2":{"start":{"line":39,"column":0},"end":{"line":39,"column":null}},"3":{"start":{"line":44,"column":0},"end":{"line":48,"column":null}},"4":{"start":{"line":45,"column":0},"end":{"line":45,"column":null}},"5":{"start":{"line":47,"column":0},"end":{"line":47,"column":null}},"6":{"start":{"line":51,"column":0},"end":{"line":51,"column":null}},"7":{"start":{"line":52,"column":0},"end":{"line":52,"column":null}}},"fnMap":{"0":{"name":"(anonymous_1)","decl":{"start":{"line":27,"column":0},"end":{"line":27,"column":null}},"loc":{"start":{"line":27,"column":0},"end":{"line":31,"column":null}}},"1":{"name":"(anonymous_2)","decl":{"start":{"line":33,"column":0},"end":{"line":33,"column":null}},"loc":{"start":{"line":33,"column":0},"end":{"line":35,"column":null}}},"2":{"name":"(anonymous_3)","decl":{"start":{"line":38,"column":0},"end":{"line":38,"column":null}},"loc":{"start":{"line":38,"column":0},"end":{"line":40,"column":null}}},"3":{"name":"(anonymous_4)","decl":{"start":{"line":43,"column":0},"end":{"line":43,"column":null}},"loc":{"start":{"line":43,"column":0},"end":{"line":49,"column":null}}},"4":{"name":"(anonymous_5)","decl":{"start":{"line":50,"column":0},"end":{"line":50,"column":null}},"loc":{"start":{"line":50,"column":0},"end":{"line":53,"column":null}}}},"branchMap":{"0":{"loc":{"start":{"line":39,"column":0},"end":{"line":39,"column":null}},"type":"if","locations":[{"start":{"line":39,"column":0},"end":{"line":39,"column":null}},{"start":{"line":39,"column":0},"end":{"line":39,"column":null}}]},"1":{"loc":{"start":{"line":44,"column":0},"end":{"line":48,"column":null}},"type":"if","locations":[{"start":{"line":44,"column":0},"end":{"line":48,"column":null}},{"start":{"line":44,"column":0},"end":{"line":48,"column":null}}]},"2":{"loc":{"start":{"line":44,"column":0},"end":{"line":44,"column":null}},"type":"binary-expr","locations":[{"start":{"line":44,"column":0},"end":{"line":44,"column":null}},{"start":{"line":44,"column":0},"end":{"line":44,"column":null}}]}},"s":{"0":10,"1":10,"2":3,"3":4,"4":1,"5":3,"6":2,"7":2},"f":{"0":10,"1":10,"2":2,"3":4,"4":2},"b":{"0":[1,1],"1":[1,3],"2":[4,1]}}
,"/Users/udaykvss/Documents/projects/tvshows-catalog/src/components/ShowPreview.vue": {"path":"/Users/udaykvss/Documents/projects/tvshows-catalog/src/components/ShowPreview.vue","statementMap":{"0":{"start":{"line":47,"column":0},"end":{"line":47,"column":null}}},"fnMap":{"0":{"name":"(anonymous_1)","decl":{"start":{"line":46,"column":0},"end":{"line":46,"column":null}},"loc":{"start":{"line":46,"column":0},"end":{"line":48,"column":null}}}},"branchMap":{},"s":{"0":1},"f":{"0":1},"b":{}}
,"/Users/udaykvss/Documents/projects/tvshows-catalog/src/components/ShowsList.vue": {"path":"/Users/udaykvss/Documents/projects/tvshows-catalog/src/components/ShowsList.vue","statementMap":{"0":{"start":{"line":42,"column":0},"end":{"line":42,"column":null}}},"fnMap":{"0":{"name":"(anonymous_1)","decl":{"start":{"line":41,"column":0},"end":{"line":41,"column":null}},"loc":{"start":{"line":41,"column":0},"end":{"line":45,"column":null}}}},"branchMap":{"0":{"loc":{"start":{"line":43,"column":0},"end":{"line":43,"column":null}},"type":"cond-expr","locations":[{"start":{"line":43,"column":0},"end":{"line":43,"column":null}},{"start":{"line":43,"column":0},"end":{"line":43,"column":null}}]}},"s":{"0":5},"f":{"0":5},"b":{"0":[4,1]}}
,"/Users/udaykvss/Documents/projects/tvshows-catalog/src/services/api.js": {"path":"/Users/udaykvss/Documents/projects/tvshows-catalog/src/services/api.js","statementMap":{"0":{"start":{"line":4,"column":19},"end":{"line":4,"column":42}},"1":{"start":{"line":10,"column":15},"end":{"line":18,"column":1}},"2":{"start":{"line":26,"column":12},"end":{"line":26,"column":32}},"3":{"start":{"line":29,"column":0},"end":{"line":32,"column":2}},"4":{"start":{"line":30,"column":16},"end":{"line":30,"column":29}},"5":{"start":{"line":31,"column":13},"end":{"line":31,"column":34}}},"fnMap":{"0":{"name":"(anonymous_0)","decl":{"start":{"line":30,"column":2},"end":{"line":30,"column":3}},"loc":{"start":{"line":30,"column":16},"end":{"line":30,"column":29}},"line":30},"1":{"name":"(anonymous_1)","decl":{"start":{"line":31,"column":2},"end":{"line":31,"column":3}},"loc":{"start":{"line":31,"column":13},"end":{"line":31,"column":34}},"line":31}},"branchMap":{},"s":{"0":3,"1":3,"2":3,"3":3,"4":1,"5":1},"f":{"0":1,"1":1},"b":{},"_coverageSchema":"43e27e138ebf9cfc5966b082cf9a028302ed4184","hash":"1f125663694f73f1f28787dcb6f664783d545812"}
,"/Users/udaykvss/Documents/projects/tvshows-catalog/src/services/service.js": {"path":"/Users/udaykvss/Documents/projects/tvshows-catalog/src/services/service.js","statementMap":{"0":{"start":{"line":3,"column":17},"end":{"line":3,"column":40}},"1":{"start":{"line":6,"column":20},"end":{"line":6,"column":74}},"2":{"start":{"line":6,"column":26},"end":{"line":6,"column":74}},"3":{"start":{"line":9,"column":23},"end":{"line":9,"column":73}},"4":{"start":{"line":9,"column":35},"end":{"line":9,"column":73}},"5":{"start":{"line":12,"column":26},"end":{"line":12,"column":88}},"6":{"start":{"line":12,"column":38},"end":{"line":12,"column":88}},"7":{"start":{"line":15,"column":25},"end":{"line":15,"column":92}},"8":{"start":{"line":15,"column":41},"end":{"line":15,"column":92}}},"fnMap":{"0":{"name":"(anonymous_0)","decl":{"start":{"line":6,"column":20},"end":{"line":6,"column":21}},"loc":{"start":{"line":6,"column":26},"end":{"line":6,"column":74}},"line":6},"1":{"name":"(anonymous_1)","decl":{"start":{"line":9,"column":23},"end":{"line":9,"column":24}},"loc":{"start":{"line":9,"column":35},"end":{"line":9,"column":73}},"line":9},"2":{"name":"(anonymous_2)","decl":{"start":{"line":12,"column":26},"end":{"line":12,"column":27}},"loc":{"start":{"line":12,"column":38},"end":{"line":12,"column":88}},"line":12},"3":{"name":"(anonymous_3)","decl":{"start":{"line":15,"column":25},"end":{"line":15,"column":26}},"loc":{"start":{"line":15,"column":41},"end":{"line":15,"column":92}},"line":15}},"branchMap":{},"s":{"0":2,"1":2,"2":1,"3":2,"4":1,"5":2,"6":1,"7":2,"8":1},"f":{"0":1,"1":1,"2":1,"3":1},"b":{},"_coverageSchema":"43e27e138ebf9cfc5966b082cf9a028302ed4184","hash":"3c7a1ed818e750aabc35e4c3a42b95bdd1bf73b1"}
,"/Users/udaykvss/Documents/projects/tvshows-catalog/src/store/index.js": {"path":"/Users/udaykvss/Documents/projects/tvshows-catalog/src/store/index.js","statementMap":{"0":{"start":{"line":11,"column":0},"end":{"line":11,"column":14}},"1":{"start":{"line":13,"column":14},"end":{"line":19,"column":1}},"2":{"start":{"line":21,"column":28},"end":{"line":24,"column":1}},"3":{"start":{"line":22,"column":2},"end":{"line":23,"column":64}},"4":{"start":{"line":23,"column":2},"end":{"line":23,"column":62}},"5":{"start":{"line":26,"column":25},"end":{"line":30,"column":1}},"6":{"start":{"line":27,"column":2},"end":{"line":29,"column":65}},"7":{"start":{"line":28,"column":28},"end":{"line":28,"column":54}},"8":{"start":{"line":29,"column":34},"end":{"line":29,"column":63}},"9":{"start":{"line":32,"column":23},"end":{"line":87,"column":1}},"10":{"start":{"line":34,"column":4},"end":{"line":44,"column":7}},"11":{"start":{"line":35,"column":6},"end":{"line":35,"column":53}},"12":{"start":{"line":36,"column":6},"end":{"line":36,"column":51}},"13":{"start":{"line":39,"column":32},"end":{"line":42,"column":7}},"14":{"start":{"line":43,"column":6},"end":{"line":43,"column":37}},"15":{"start":{"line":47,"column":4},"end":{"line":56,"column":7}},"16":{"start":{"line":48,"column":6},"end":{"line":48,"column":41}},"17":{"start":{"line":51,"column":32},"end":{"line":54,"column":7}},"18":{"start":{"line":55,"column":6},"end":{"line":55,"column":37}},"19":{"start":{"line":59,"column":4},"end":{"line":68,"column":7}},"20":{"start":{"line":60,"column":6},"end":{"line":60,"column":44}},"21":{"start":{"line":63,"column":32},"end":{"line":66,"column":7}},"22":{"start":{"line":67,"column":6},"end":{"line":67,"column":37}},"23":{"start":{"line":71,"column":4},"end":{"line":82,"column":7}},"24":{"start":{"line":72,"column":22},"end":{"line":72,"column":59}},"25":{"start":{"line":72,"column":46},"end":{"line":72,"column":57}},"26":{"start":{"line":73,"column":6},"end":{"line":73,"column":40}},"27":{"start":{"line":74,"column":6},"end":{"line":74,"column":52}},"28":{"start":{"line":77,"column":32},"end":{"line":80,"column":7}},"29":{"start":{"line":81,"column":6},"end":{"line":81,"column":37}},"30":{"start":{"line":85,"column":4},"end":{"line":85,"column":60}},"31":{"start":{"line":89,"column":25},"end":{"line":105,"column":1}},"32":{"start":{"line":91,"column":4},"end":{"line":91,"column":26}},"33":{"start":{"line":94,"column":6},"end":{"line":94,"column":29}},"34":{"start":{"line":97,"column":4},"end":{"line":97,"column":32}},"35":{"start":{"line":100,"column":4},"end":{"line":100,"column":35}},"36":{"start":{"line":103,"column":4},"end":{"line":103,"column":34}}},"fnMap":{"0":{"name":"(anonymous_0)","decl":{"start":{"line":21,"column":28},"end":{"line":21,"column":29}},"loc":{"start":{"line":21,"column":42},"end":{"line":24,"column":1}},"line":21},"1":{"name":"(anonymous_1)","decl":{"start":{"line":22,"column":23},"end":{"line":22,"column":24}},"loc":{"start":{"line":23,"column":2},"end":{"line":23,"column":62}},"line":23},"2":{"name":"(anonymous_2)","decl":{"start":{"line":26,"column":25},"end":{"line":26,"column":26}},"loc":{"start":{"line":26,"column":39},"end":{"line":30,"column":1}},"line":26},"3":{"name":"(anonymous_3)","decl":{"start":{"line":28,"column":10},"end":{"line":28,"column":11}},"loc":{"start":{"line":28,"column":28},"end":{"line":28,"column":54}},"line":28},"4":{"name":"(anonymous_4)","decl":{"start":{"line":29,"column":10},"end":{"line":29,"column":11}},"loc":{"start":{"line":29,"column":34},"end":{"line":29,"column":63}},"line":29},"5":{"name":"(anonymous_5)","decl":{"start":{"line":33,"column":2},"end":{"line":33,"column":3}},"loc":{"start":{"line":33,"column":33},"end":{"line":45,"column":3}},"line":33},"6":{"name":"(anonymous_6)","decl":{"start":{"line":34,"column":23},"end":{"line":34,"column":24}},"loc":{"start":{"line":34,"column":37},"end":{"line":37,"column":5}},"line":34},"7":{"name":"(anonymous_7)","decl":{"start":{"line":38,"column":11},"end":{"line":38,"column":12}},"loc":{"start":{"line":38,"column":22},"end":{"line":44,"column":5}},"line":38},"8":{"name":"(anonymous_8)","decl":{"start":{"line":46,"column":2},"end":{"line":46,"column":3}},"loc":{"start":{"line":46,"column":43},"end":{"line":57,"column":3}},"line":46},"9":{"name":"(anonymous_9)","decl":{"start":{"line":47,"column":32},"end":{"line":47,"column":33}},"loc":{"start":{"line":47,"column":46},"end":{"line":49,"column":5}},"line":47},"10":{"name":"(anonymous_10)","decl":{"start":{"line":50,"column":11},"end":{"line":50,"column":12}},"loc":{"start":{"line":50,"column":22},"end":{"line":56,"column":5}},"line":50},"11":{"name":"(anonymous_11)","decl":{"start":{"line":58,"column":2},"end":{"line":58,"column":3}},"loc":{"start":{"line":58,"column":46},"end":{"line":69,"column":3}},"line":58},"12":{"name":"(anonymous_12)","decl":{"start":{"line":59,"column":41},"end":{"line":59,"column":42}},"loc":{"start":{"line":59,"column":55},"end":{"line":61,"column":5}},"line":59},"13":{"name":"(anonymous_13)","decl":{"start":{"line":62,"column":11},"end":{"line":62,"column":12}},"loc":{"start":{"line":62,"column":22},"end":{"line":68,"column":5}},"line":62},"14":{"name":"(anonymous_14)","decl":{"start":{"line":70,"column":2},"end":{"line":70,"column":3}},"loc":{"start":{"line":70,"column":49},"end":{"line":83,"column":3}},"line":70},"15":{"name":"(anonymous_15)","decl":{"start":{"line":71,"column":44},"end":{"line":71,"column":45}},"loc":{"start":{"line":71,"column":58},"end":{"line":75,"column":5}},"line":71},"16":{"name":"(anonymous_16)","decl":{"start":{"line":72,"column":35},"end":{"line":72,"column":36}},"loc":{"start":{"line":72,"column":46},"end":{"line":72,"column":57}},"line":72},"17":{"name":"(anonymous_17)","decl":{"start":{"line":76,"column":11},"end":{"line":76,"column":12}},"loc":{"start":{"line":76,"column":22},"end":{"line":82,"column":5}},"line":76},"18":{"name":"(anonymous_18)","decl":{"start":{"line":84,"column":2},"end":{"line":84,"column":3}},"loc":{"start":{"line":84,"column":34},"end":{"line":86,"column":3}},"line":84},"19":{"name":"(anonymous_19)","decl":{"start":{"line":90,"column":2},"end":{"line":90,"column":3}},"loc":{"start":{"line":90,"column":31},"end":{"line":92,"column":3}},"line":90},"20":{"name":"(anonymous_20)","decl":{"start":{"line":93,"column":2},"end":{"line":93,"column":3}},"loc":{"start":{"line":93,"column":32},"end":{"line":95,"column":3}},"line":93},"21":{"name":"(anonymous_21)","decl":{"start":{"line":96,"column":2},"end":{"line":96,"column":3}},"loc":{"start":{"line":96,"column":33},"end":{"line":98,"column":3}},"line":96},"22":{"name":"(anonymous_22)","decl":{"start":{"line":99,"column":2},"end":{"line":99,"column":3}},"loc":{"start":{"line":99,"column":36},"end":{"line":101,"column":3}},"line":99},"23":{"name":"(anonymous_23)","decl":{"start":{"line":102,"column":2},"end":{"line":102,"column":3}},"loc":{"start":{"line":102,"column":37},"end":{"line":104,"column":3}},"line":102}},"branchMap":{"0":{"loc":{"start":{"line":23,"column":2},"end":{"line":23,"column":62}},"type":"cond-expr","locations":[{"start":{"line":23,"column":56},"end":{"line":23,"column":57}},{"start":{"line":23,"column":60},"end":{"line":23,"column":62}}],"line":23}},"s":{"0":1,"1":1,"2":1,"3":3,"4":21,"5":1,"6":7,"7":33,"8":84,"9":1,"10":3,"11":2,"12":2,"13":1,"14":1,"15":2,"16":1,"17":1,"18":1,"19":2,"20":1,"21":1,"22":1,"23":3,"24":2,"25":6,"26":2,"27":2,"28":1,"29":1,"30":0,"31":1,"32":1,"33":1,"34":1,"35":1,"36":1},"f":{"0":3,"1":21,"2":7,"3":33,"4":84,"5":3,"6":2,"7":1,"8":2,"9":1,"10":1,"11":2,"12":1,"13":1,"14":3,"15":2,"16":6,"17":1,"18":0,"19":1,"20":1,"21":1,"22":1,"23":1},"b":{"0":[15,6]},"_coverageSchema":"43e27e138ebf9cfc5966b082cf9a028302ed4184","hash":"5d782d21403643330eb9a353ba9c7c9b771e9dd9"}
,"/Users/udaykvss/Documents/projects/tvshows-catalog/src/views/Page404.vue": {"path":"/Users/udaykvss/Documents/projects/tvshows-catalog/src/views/Page404.vue","statementMap":{"0":{"start":{"line":17,"column":0},"end":{"line":17,"column":null}}},"fnMap":{"0":{"name":"(anonymous_1)","decl":{"start":{"line":17,"column":0},"end":{"line":17,"column":null}},"loc":{"start":{"line":17,"column":0},"end":{"line":17,"column":null}}}},"branchMap":{},"s":{"0":2},"f":{"0":2},"b":{}}
,"/Users/udaykvss/Documents/projects/tvshows-catalog/src/views/ShowDetails.vue": {"path":"/Users/udaykvss/Documents/projects/tvshows-catalog/src/views/ShowDetails.vue","statementMap":{"0":{"start":{"line":55,"column":0},"end":{"line":55,"column":null}},"1":{"start":{"line":61,"column":0},"end":{"line":61,"column":null}},"2":{"start":{"line":64,"column":0},"end":{"line":64,"column":null}},"3":{"start":{"line":67,"column":0},"end":{"line":72,"column":null}},"4":{"start":{"line":68,"column":0},"end":{"line":68,"column":null}},"5":{"start":{"line":71,"column":0},"end":{"line":71,"column":null}},"6":{"start":{"line":73,"column":0},"end":{"line":73,"column":null}},"7":{"start":{"line":76,"column":0},"end":{"line":81,"column":null}},"8":{"start":{"line":77,"column":0},"end":{"line":77,"column":null}},"9":{"start":{"line":80,"column":0},"end":{"line":80,"column":null}},"10":{"start":{"line":82,"column":0},"end":{"line":82,"column":null}},"11":{"start":{"line":87,"column":0},"end":{"line":87,"column":null}},"12":{"start":{"line":88,"column":0},"end":{"line":88,"column":null}},"13":{"start":{"line":91,"column":0},"end":{"line":91,"column":null}},"14":{"start":{"line":95,"column":0},"end":{"line":97,"column":null}},"15":{"start":{"line":96,"column":0},"end":{"line":96,"column":null}},"16":{"start":{"line":100,"column":0},"end":{"line":100,"column":null}}},"fnMap":{"0":{"name":"(anonymous_1)","decl":{"start":{"line":54,"column":0},"end":{"line":54,"column":null}},"loc":{"start":{"line":54,"column":0},"end":{"line":58,"column":null}}},"1":{"name":"(anonymous_2)","decl":{"start":{"line":60,"column":0},"end":{"line":60,"column":null}},"loc":{"start":{"line":60,"column":0},"end":{"line":62,"column":null}}},"2":{"name":"(anonymous_3)","decl":{"start":{"line":63,"column":0},"end":{"line":63,"column":null}},"loc":{"start":{"line":63,"column":0},"end":{"line":65,"column":null}}},"3":{"name":"(anonymous_4)","decl":{"start":{"line":66,"column":0},"end":{"line":66,"column":null}},"loc":{"start":{"line":66,"column":0},"end":{"line":74,"column":null}}},"4":{"name":"(anonymous_5)","decl":{"start":{"line":68,"column":0},"end":{"line":68,"column":null}},"loc":{"start":{"line":68,"column":0},"end":{"line":68,"column":null}}},"5":{"name":"(anonymous_6)","decl":{"start":{"line":75,"column":0},"end":{"line":75,"column":null}},"loc":{"start":{"line":75,"column":0},"end":{"line":83,"column":null}}},"6":{"name":"(anonymous_7)","decl":{"start":{"line":77,"column":0},"end":{"line":77,"column":null}},"loc":{"start":{"line":77,"column":0},"end":{"line":77,"column":null}}},"7":{"name":"(anonymous_8)","decl":{"start":{"line":86,"column":0},"end":{"line":86,"column":null}},"loc":{"start":{"line":86,"column":0},"end":{"line":89,"column":null}}},"8":{"name":"(anonymous_9)","decl":{"start":{"line":90,"column":0},"end":{"line":90,"column":null}},"loc":{"start":{"line":90,"column":0},"end":{"line":92,"column":null}}},"9":{"name":"(anonymous_10)","decl":{"start":{"line":94,"column":0},"end":{"line":94,"column":null}},"loc":{"start":{"line":94,"column":0},"end":{"line":98,"column":null}}},"10":{"name":"(anonymous_11)","decl":{"start":{"line":99,"column":0},"end":{"line":99,"column":null}},"loc":{"start":{"line":99,"column":0},"end":{"line":101,"column":null}}}},"branchMap":{"0":{"loc":{"start":{"line":67,"column":0},"end":{"line":72,"column":null}},"type":"if","locations":[{"start":{"line":67,"column":0},"end":{"line":72,"column":null}},{"start":{"line":67,"column":0},"end":{"line":72,"column":null}}]},"1":{"loc":{"start":{"line":71,"column":0},"end":{"line":71,"column":null}},"type":"cond-expr","locations":[{"start":{"line":71,"column":0},"end":{"line":71,"column":null}},{"start":{"line":71,"column":0},"end":{"line":71,"column":null}}]},"2":{"loc":{"start":{"line":76,"column":0},"end":{"line":81,"column":null}},"type":"if","locations":[{"start":{"line":76,"column":0},"end":{"line":81,"column":null}},{"start":{"line":76,"column":0},"end":{"line":81,"column":null}}]},"3":{"loc":{"start":{"line":80,"column":0},"end":{"line":80,"column":null}},"type":"cond-expr","locations":[{"start":{"line":80,"column":0},"end":{"line":80,"column":null}},{"start":{"line":80,"column":0},"end":{"line":80,"column":null}}]},"4":{"loc":{"start":{"line":95,"column":0},"end":{"line":97,"column":null}},"type":"if","locations":[{"start":{"line":95,"column":0},"end":{"line":97,"column":null}},{"start":{"line":95,"column":0},"end":{"line":97,"column":null}}]}},"s":{"0":12,"1":12,"2":12,"3":12,"4":31,"5":11,"6":1,"7":12,"8":31,"9":11,"10":1,"11":12,"12":12,"13":1,"14":12,"15":12,"16":12},"f":{"0":12,"1":12,"2":12,"3":12,"4":20,"5":12,"6":20,"7":12,"8":1,"9":12,"10":12},"b":{"0":[11,1],"1":[10,1],"2":[11,1],"3":[10,1],"4":[12,0]}}
,"/Users/udaykvss/Documents/projects/tvshows-catalog/src/views/ShowsCatalog.vue": {"path":"/Users/udaykvss/Documents/projects/tvshows-catalog/src/views/ShowsCatalog.vue","statementMap":{"0":{"start":{"line":18,"column":0},"end":{"line":18,"column":null}},"1":{"start":{"line":19,"column":0},"end":{"line":19,"column":null}},"2":{"start":{"line":29,"column":0},"end":{"line":29,"column":null}},"3":{"start":{"line":33,"column":0},"end":{"line":33,"column":null}},"4":{"start":{"line":37,"column":0},"end":{"line":37,"column":null}}},"fnMap":{"0":{"name":"(anonymous_1)","decl":{"start":{"line":28,"column":0},"end":{"line":28,"column":null}},"loc":{"start":{"line":28,"column":0},"end":{"line":30,"column":null}}},"1":{"name":"(anonymous_2)","decl":{"start":{"line":32,"column":0},"end":{"line":32,"column":null}},"loc":{"start":{"line":32,"column":0},"end":{"line":34,"column":null}}},"2":{"name":"(anonymous_3)","decl":{"start":{"line":36,"column":0},"end":{"line":36,"column":null}},"loc":{"start":{"line":36,"column":0},"end":{"line":38,"column":null}}}},"branchMap":{},"s":{"0":1,"1":1,"2":6,"3":5,"4":5},"f":{"0":6,"1":5,"2":5},"b":{}}
}
