TN:
SF:/Users/udaykvss/Documents/projects/tvshows-catalog/src/App.vue
FNF:0
FNH:0
DA:19,1
DA:20,1
LF:2
LH:2
BRF:0
BRH:0
end_of_record
TN:
SF:/Users/udaykvss/Documents/projects/tvshows-catalog/src/components/ListContainer.vue
FN:27,(anonymous_1)
FN:28,(anonymous_2)
FN:34,(anonymous_4)
FNF:3
FNH:3
FNDA:6,(anonymous_1)
FNDA:139,(anonymous_2)
FNDA:5,(anonymous_4)
DA:17,2
DA:28,145
DA:35,5
LF:3
LH:3
BRDA:28,0,0,36
BRDA:28,0,1,36
BRF:2
BRH:2
end_of_record
TN:
SF:/Users/udaykvss/Documents/projects/tvshows-catalog/src/components/PageHeader.vue
FN:24,(anonymous_1)
FN:30,(anonymous_2)
FNF:2
FNH:2
FNDA:5,(anonymous_1)
FNDA:1,(anonymous_2)
DA:25,5
DA:31,1
LF:2
LH:2
BRF:0
BRH:0
end_of_record
TN:
SF:/Users/udaykvss/Documents/projects/tvshows-catalog/src/components/SearchShows.vue
FN:27,(anonymous_1)
FN:33,(anonymous_2)
FN:38,(anonymous_3)
FN:43,(anonymous_4)
FN:50,(anonymous_5)
FNF:5
FNH:5
FNDA:10,(anonymous_1)
FNDA:10,(anonymous_2)
FNDA:2,(anonymous_3)
FNDA:4,(anonymous_4)
FNDA:2,(anonymous_5)
DA:28,10
DA:34,10
DA:39,3
DA:44,4
DA:45,1
DA:47,3
DA:51,2
DA:52,2
LF:8
LH:8
BRDA:39,0,0,1
BRDA:39,0,1,1
BRDA:44,1,0,1
BRDA:44,1,1,3
BRDA:44,2,0,4
BRDA:44,2,1,1
BRF:6
BRH:6
end_of_record
TN:
SF:/Users/udaykvss/Documents/projects/tvshows-catalog/src/components/ShowPreview.vue
FN:46,(anonymous_1)
FNF:1
FNH:1
FNDA:1,(anonymous_1)
DA:47,1
LF:1
LH:1
BRF:0
BRH:0
end_of_record
TN:
SF:/Users/udaykvss/Documents/projects/tvshows-catalog/src/components/ShowsList.vue
FN:41,(anonymous_1)
FNF:1
FNH:1
FNDA:5,(anonymous_1)
DA:42,5
LF:1
LH:1
BRDA:43,0,0,4
BRDA:43,0,1,1
BRF:2
BRH:2
end_of_record
TN:
SF:/Users/udaykvss/Documents/projects/tvshows-catalog/src/services/api.js
FN:30,(anonymous_0)
FN:31,(anonymous_1)
FNF:2
FNH:2
FNDA:1,(anonymous_0)
FNDA:1,(anonymous_1)
DA:4,3
DA:10,3
DA:26,3
DA:29,3
DA:30,1
DA:31,1
LF:6
LH:6
BRF:0
BRH:0
end_of_record
TN:
SF:/Users/udaykvss/Documents/projects/tvshows-catalog/src/services/service.js
FN:6,(anonymous_0)
FN:9,(anonymous_1)
FN:12,(anonymous_2)
FN:15,(anonymous_3)
FNF:4
FNH:4
FNDA:1,(anonymous_0)
FNDA:1,(anonymous_1)
FNDA:1,(anonymous_2)
FNDA:1,(anonymous_3)
DA:3,2
DA:6,2
DA:9,2
DA:12,2
DA:15,2
LF:5
LH:5
BRF:0
BRH:0
end_of_record
TN:
SF:/Users/udaykvss/Documents/projects/tvshows-catalog/src/store/index.js
FN:21,(anonymous_0)
FN:22,(anonymous_1)
FN:26,(anonymous_2)
FN:28,(anonymous_3)
FN:29,(anonymous_4)
FN:33,(anonymous_5)
FN:34,(anonymous_6)
FN:38,(anonymous_7)
FN:46,(anonymous_8)
FN:47,(anonymous_9)
FN:50,(anonymous_10)
FN:58,(anonymous_11)
FN:59,(anonymous_12)
FN:62,(anonymous_13)
FN:70,(anonymous_14)
FN:71,(anonymous_15)
FN:72,(anonymous_16)
FN:76,(anonymous_17)
FN:84,(anonymous_18)
FN:90,(anonymous_19)
FN:93,(anonymous_20)
FN:96,(anonymous_21)
FN:99,(anonymous_22)
FN:102,(anonymous_23)
FNF:24
FNH:23
FNDA:3,(anonymous_0)
FNDA:21,(anonymous_1)
FNDA:7,(anonymous_2)
FNDA:33,(anonymous_3)
FNDA:84,(anonymous_4)
FNDA:3,(anonymous_5)
FNDA:2,(anonymous_6)
FNDA:1,(anonymous_7)
FNDA:2,(anonymous_8)
FNDA:1,(anonymous_9)
FNDA:1,(anonymous_10)
FNDA:2,(anonymous_11)
FNDA:1,(anonymous_12)
FNDA:1,(anonymous_13)
FNDA:3,(anonymous_14)
FNDA:2,(anonymous_15)
FNDA:6,(anonymous_16)
FNDA:1,(anonymous_17)
FNDA:0,(anonymous_18)
FNDA:1,(anonymous_19)
FNDA:1,(anonymous_20)
FNDA:1,(anonymous_21)
FNDA:1,(anonymous_22)
FNDA:1,(anonymous_23)
DA:11,1
DA:13,1
DA:21,1
DA:22,3
DA:23,21
DA:26,1
DA:27,7
DA:28,33
DA:29,84
DA:32,1
DA:34,3
DA:35,2
DA:36,2
DA:39,1
DA:43,1
DA:47,2
DA:48,1
DA:51,1
DA:55,1
DA:59,2
DA:60,1
DA:63,1
DA:67,1
DA:71,3
DA:72,6
DA:73,2
DA:74,2
DA:77,1
DA:81,1
DA:85,0
DA:89,1
DA:91,1
DA:94,1
DA:97,1
DA:100,1
DA:103,1
LF:36
LH:35
BRDA:23,0,0,15
BRDA:23,0,1,6
BRF:2
BRH:2
end_of_record
TN:
SF:/Users/udaykvss/Documents/projects/tvshows-catalog/src/views/Page404.vue
FN:17,(anonymous_1)
FNF:1
FNH:1
FNDA:2,(anonymous_1)
DA:17,2
LF:1
LH:1
BRF:0
BRH:0
end_of_record
TN:
SF:/Users/udaykvss/Documents/projects/tvshows-catalog/src/views/ShowDetails.vue
FN:54,(anonymous_1)
FN:60,(anonymous_2)
FN:63,(anonymous_3)
FN:66,(anonymous_4)
FN:68,(anonymous_5)
FN:75,(anonymous_6)
FN:77,(anonymous_7)
FN:86,(anonymous_8)
FN:90,(anonymous_9)
FN:94,(anonymous_10)
FN:99,(anonymous_11)
FNF:11
FNH:11
FNDA:12,(anonymous_1)
FNDA:12,(anonymous_2)
FNDA:12,(anonymous_3)
FNDA:12,(anonymous_4)
FNDA:20,(anonymous_5)
FNDA:12,(anonymous_6)
FNDA:20,(anonymous_7)
FNDA:12,(anonymous_8)
FNDA:1,(anonymous_9)
FNDA:12,(anonymous_10)
FNDA:12,(anonymous_11)
DA:55,12
DA:61,12
DA:64,12
DA:67,12
DA:68,31
DA:71,11
DA:73,1
DA:76,12
DA:77,31
DA:80,11
DA:82,1
DA:87,12
DA:88,12
DA:91,1
DA:95,12
DA:96,12
DA:100,12
LF:17
LH:17
BRDA:67,0,0,11
BRDA:67,0,1,1
BRDA:71,1,0,10
BRDA:71,1,1,1
BRDA:76,2,0,11
BRDA:76,2,1,1
BRDA:80,3,0,10
BRDA:80,3,1,1
BRDA:95,4,0,12
BRDA:95,4,1,0
BRF:10
BRH:9
end_of_record
TN:
SF:/Users/udaykvss/Documents/projects/tvshows-catalog/src/views/ShowsCatalog.vue
FN:28,(anonymous_1)
FN:32,(anonymous_2)
FN:36,(anonymous_3)
FNF:3
FNH:3
FNDA:6,(anonymous_1)
FNDA:5,(anonymous_2)
FNDA:5,(anonymous_3)
DA:18,1
DA:19,1
DA:29,6
DA:33,5
DA:37,5
LF:5
LH:5
BRF:0
BRH:0
end_of_record
